<?xml version="1.0" encoding="UTF-8"?>
<testsuite xmlns:xsi="http://www.w3.org/2001/XMLSchema-instance" xsi:noNamespaceSchemaLocation="https://maven.apache.org/surefire/maven-surefire-plugin/xsd/surefire-test-report-3.0.xsd" version="3.0" name="org.example.CastToTypedMapTests" time="0.059" tests="3" errors="0" skipped="0" failures="0">
  <properties>
    <property name="java.specification.version" value="17"/>
    <property name="sun.jnu.encoding" value="UTF-8"/>
    <property name="java.class.path" value="/home/enextus/dev/unchecked-cast-maven/unchecked-cast-maven/target/test-classes:/home/enextus/dev/unchecked-cast-maven/unchecked-cast-maven/target/classes:/home/enextus/.m2/repository/org/apache/maven/plugins/maven-surefire-plugin/3.0.0-M6/maven-surefire-plugin-3.0.0-M6.jar:/home/enextus/.m2/repository/org/apache/maven/surefire/maven-surefire-common/3.0.0-M6/maven-surefire-common-3.0.0-M6.jar:/home/enextus/.m2/repository/org/apache/maven/surefire/surefire-api/3.0.0-M6/surefire-api-3.0.0-M6.jar:/home/enextus/.m2/repository/org/apache/maven/surefire/surefire-logger-api/3.0.0-M6/surefire-logger-api-3.0.0-M6.jar:/home/enextus/.m2/repository/org/apache/maven/surefire/surefire-extensions-api/3.0.0-M6/surefire-extensions-api-3.0.0-M6.jar:/home/enextus/.m2/repository/org/apache/maven/surefire/surefire-booter/3.0.0-M6/surefire-booter-3.0.0-M6.jar:/home/enextus/.m2/repository/org/apache/maven/surefire/surefire-extensions-spi/3.0.0-M6/surefire-extensions-spi-3.0.0-M6.jar:/home/enextus/.m2/repository/org/apache/maven/shared/maven-common-artifact-filters/3.1.1/maven-common-artifact-filters-3.1.1.jar:/home/enextus/.m2/repository/org/apache/maven/maven-artifact/3.1.0/maven-artifact-3.1.0.jar:/home/enextus/.m2/repository/org/apache/maven/maven-core/3.1.0/maven-core-3.1.0.jar:/home/enextus/.m2/repository/org/apache/maven/maven-settings/3.1.0/maven-settings-3.1.0.jar:/home/enextus/.m2/repository/org/apache/maven/maven-settings-builder/3.1.0/maven-settings-builder-3.1.0.jar:/home/enextus/.m2/repository/org/apache/maven/maven-repository-metadata/3.1.0/maven-repository-metadata-3.1.0.jar:/home/enextus/.m2/repository/org/apache/maven/maven-model-builder/3.1.0/maven-model-builder-3.1.0.jar:/home/enextus/.m2/repository/org/apache/maven/maven-aether-provider/3.1.0/maven-aether-provider-3.1.0.jar:/home/enextus/.m2/repository/org/eclipse/aether/aether-spi/0.9.0.M2/aether-spi-0.9.0.M2.jar:/home/enextus/.m2/repository/org/eclipse/aether/aether-impl/0.9.0.M2/aether-impl-0.9.0.M2.jar:/home/enextus/.m2/repository/org/eclipse/aether/aether-api/0.9.0.M2/aether-api-0.9.0.M2.jar:/home/enextus/.m2/repository/org/eclipse/aether/aether-util/0.9.0.M2/aether-util-0.9.0.M2.jar:/home/enextus/.m2/repository/org/eclipse/sisu/org.eclipse.sisu.plexus/0.0.0.M2a/org.eclipse.sisu.plexus-0.0.0.M2a.jar:/home/enextus/.m2/repository/javax/enterprise/cdi-api/1.0/cdi-api-1.0.jar:/home/enextus/.m2/repository/javax/annotation/jsr250-api/1.0/jsr250-api-1.0.jar:/home/enextus/.m2/repository/javax/inject/javax.inject/1/javax.inject-1.jar:/home/enextus/.m2/repository/org/sonatype/sisu/sisu-guice/3.1.0/sisu-guice-3.1.0-no_aop.jar:/home/enextus/.m2/repository/aopalliance/aopalliance/1.0/aopalliance-1.0.jar:/home/enextus/.m2/repository/org/eclipse/sisu/org.eclipse.sisu.inject/0.0.0.M2a/org.eclipse.sisu.inject-0.0.0.M2a.jar:/home/enextus/.m2/repository/asm/asm/3.3.1/asm-3.3.1.jar:/home/enextus/.m2/repository/org/codehaus/plexus/plexus-interpolation/1.16/plexus-interpolation-1.16.jar:/home/enextus/.m2/repository/org/codehaus/plexus/plexus-classworlds/2.4.2/plexus-classworlds-2.4.2.jar:/home/enextus/.m2/repository/org/sonatype/plexus/plexus-sec-dispatcher/1.3/plexus-sec-dispatcher-1.3.jar:/home/enextus/.m2/repository/org/sonatype/plexus/plexus-cipher/1.4/plexus-cipher-1.4.jar:/home/enextus/.m2/repository/org/apache/maven/maven-plugin-api/3.1.0/maven-plugin-api-3.1.0.jar:/home/enextus/.m2/repository/org/apache/maven/surefire/surefire-shared-utils/3.0.0-M6/surefire-shared-utils-3.0.0-M6.jar:/home/enextus/.m2/repository/org/junit/jupiter/junit-jupiter/5.8.2/junit-jupiter-5.8.2.jar:/home/enextus/.m2/repository/org/junit/jupiter/junit-jupiter-params/5.8.2/junit-jupiter-params-5.8.2.jar:/home/enextus/.m2/repository/org/junit/jupiter/junit-jupiter-engine/5.8.2/junit-jupiter-engine-5.8.2.jar:/home/enextus/.m2/repository/org/junit/platform/junit-platform-engine/1.8.2/junit-platform-engine-1.8.2.jar:/home/enextus/.m2/repository/org/apiguardian/apiguardian-api/1.1.2/apiguardian-api-1.1.2.jar:/home/enextus/.m2/repository/org/junit/jupiter/junit-jupiter-api/5.8.2/junit-jupiter-api-5.8.2.jar:/home/enextus/.m2/repository/org/opentest4j/opentest4j/1.2.0/opentest4j-1.2.0.jar:/home/enextus/.m2/repository/org/junit/platform/junit-platform-commons/1.8.2/junit-platform-commons-1.8.2.jar:/home/enextus/.m2/repository/com/puppycrawl/tools/checkstyle/10.3/checkstyle-10.3.jar:/home/enextus/.m2/repository/info/picocli/picocli/4.6.3/picocli-4.6.3.jar:/home/enextus/.m2/repository/org/antlr/antlr4-runtime/4.10.1/antlr4-runtime-4.10.1.jar:/home/enextus/.m2/repository/commons-beanutils/commons-beanutils/1.9.4/commons-beanutils-1.9.4.jar:/home/enextus/.m2/repository/commons-logging/commons-logging/1.2/commons-logging-1.2.jar:/home/enextus/.m2/repository/commons-collections/commons-collections/3.2.2/commons-collections-3.2.2.jar:/home/enextus/.m2/repository/com/google/guava/guava/31.1-jre/guava-31.1-jre.jar:/home/enextus/.m2/repository/com/google/guava/failureaccess/1.0.1/failureaccess-1.0.1.jar:/home/enextus/.m2/repository/com/google/guava/listenablefuture/9999.0-empty-to-avoid-conflict-with-guava/listenablefuture-9999.0-empty-to-avoid-conflict-with-guava.jar:/home/enextus/.m2/repository/com/google/code/findbugs/jsr305/3.0.2/jsr305-3.0.2.jar:/home/enextus/.m2/repository/org/checkerframework/checker-qual/3.12.0/checker-qual-3.12.0.jar:/home/enextus/.m2/repository/com/google/errorprone/error_prone_annotations/2.11.0/error_prone_annotations-2.11.0.jar:/home/enextus/.m2/repository/com/google/j2objc/j2objc-annotations/1.3/j2objc-annotations-1.3.jar:/home/enextus/.m2/repository/org/reflections/reflections/0.10.2/reflections-0.10.2.jar:/home/enextus/.m2/repository/org/javassist/javassist/3.28.0-GA/javassist-3.28.0-GA.jar:/home/enextus/.m2/repository/org/slf4j/slf4j-api/1.7.32/slf4j-api-1.7.32.jar:/home/enextus/.m2/repository/net/sf/saxon/Saxon-HE/11.3/Saxon-HE-11.3.jar:/home/enextus/.m2/repository/org/xmlresolver/xmlresolver/4.2.0/xmlresolver-4.2.0.jar:/home/enextus/.m2/repository/org/apache/httpcomponents/httpclient/4.5.13/httpclient-4.5.13.jar:/home/enextus/.m2/repository/commons-codec/commons-codec/1.11/commons-codec-1.11.jar:/home/enextus/.m2/repository/org/apache/httpcomponents/httpcore/4.4.13/httpcore-4.4.13.jar:/home/enextus/.m2/repository/org/xmlresolver/xmlresolver/4.2.0/xmlresolver-4.2.0-data.jar:/home/enextus/.m2/repository/org/apache/maven/plugins/maven-compiler-plugin/3.10.1/maven-compiler-plugin-3.10.1.jar:/home/enextus/.m2/repository/org/apache/maven/shared/maven-shared-utils/3.3.4/maven-shared-utils-3.3.4.jar:/home/enextus/.m2/repository/commons-io/commons-io/2.6/commons-io-2.6.jar:/home/enextus/.m2/repository/org/apache/maven/shared/maven-shared-incremental/1.1/maven-shared-incremental-1.1.jar:/home/enextus/.m2/repository/org/codehaus/plexus/plexus-component-annotations/1.5.5/plexus-component-annotations-1.5.5.jar:/home/enextus/.m2/repository/org/codehaus/plexus/plexus-java/1.1.1/plexus-java-1.1.1.jar:/home/enextus/.m2/repository/org/ow2/asm/asm/9.2/asm-9.2.jar:/home/enextus/.m2/repository/com/thoughtworks/qdox/qdox/2.0.1/qdox-2.0.1.jar:/home/enextus/.m2/repository/org/codehaus/plexus/plexus-compiler-api/2.11.1/plexus-compiler-api-2.11.1.jar:/home/enextus/.m2/repository/org/codehaus/plexus/plexus-utils/3.4.1/plexus-utils-3.4.1.jar:/home/enextus/.m2/repository/org/codehaus/plexus/plexus-compiler-manager/2.11.1/plexus-compiler-manager-2.11.1.jar:/home/enextus/.m2/repository/org/codehaus/plexus/plexus-compiler-javac/2.11.1/plexus-compiler-javac-2.11.1.jar:"/>
    <property name="java.vm.vendor" value="BellSoft"/>
    <property name="sun.arch.data.model" value="64"/>
    <property name="java.vendor.url" value="https://bell-sw.com/"/>
    <property name="os.name" value="Linux"/>
    <property name="java.vm.specification.version" value="17"/>
    <property name="sun.java.launcher" value="SUN_STANDARD"/>
    <property name="user.country" value="US"/>
    <property name="sun.boot.library.path" value="/usr/lib/jvm/bellsoft-java17-amd64/lib"/>
    <property name="sun.java.command" value="/home/enextus/dev/unchecked-cast-maven/unchecked-cast-maven/target/surefire/surefirebooter5016237737431311011.jar /home/enextus/dev/unchecked-cast-maven/unchecked-cast-maven/target/surefire 2022-06-19T10-42-15_458-jvmRun1 surefire5330218610101426338tmp surefire_016423888245658577688tmp"/>
    <property name="jdk.debug" value="release"/>
    <property name="surefire.test.class.path" value="/home/enextus/dev/unchecked-cast-maven/unchecked-cast-maven/target/test-classes:/home/enextus/dev/unchecked-cast-maven/unchecked-cast-maven/target/classes:/home/enextus/.m2/repository/org/apache/maven/plugins/maven-surefire-plugin/3.0.0-M6/maven-surefire-plugin-3.0.0-M6.jar:/home/enextus/.m2/repository/org/apache/maven/surefire/maven-surefire-common/3.0.0-M6/maven-surefire-common-3.0.0-M6.jar:/home/enextus/.m2/repository/org/apache/maven/surefire/surefire-api/3.0.0-M6/surefire-api-3.0.0-M6.jar:/home/enextus/.m2/repository/org/apache/maven/surefire/surefire-logger-api/3.0.0-M6/surefire-logger-api-3.0.0-M6.jar:/home/enextus/.m2/repository/org/apache/maven/surefire/surefire-extensions-api/3.0.0-M6/surefire-extensions-api-3.0.0-M6.jar:/home/enextus/.m2/repository/org/apache/maven/surefire/surefire-booter/3.0.0-M6/surefire-booter-3.0.0-M6.jar:/home/enextus/.m2/repository/org/apache/maven/surefire/surefire-extensions-spi/3.0.0-M6/surefire-extensions-spi-3.0.0-M6.jar:/home/enextus/.m2/repository/org/apache/maven/shared/maven-common-artifact-filters/3.1.1/maven-common-artifact-filters-3.1.1.jar:/home/enextus/.m2/repository/org/apache/maven/maven-artifact/3.1.0/maven-artifact-3.1.0.jar:/home/enextus/.m2/repository/org/apache/maven/maven-core/3.1.0/maven-core-3.1.0.jar:/home/enextus/.m2/repository/org/apache/maven/maven-settings/3.1.0/maven-settings-3.1.0.jar:/home/enextus/.m2/repository/org/apache/maven/maven-settings-builder/3.1.0/maven-settings-builder-3.1.0.jar:/home/enextus/.m2/repository/org/apache/maven/maven-repository-metadata/3.1.0/maven-repository-metadata-3.1.0.jar:/home/enextus/.m2/repository/org/apache/maven/maven-model-builder/3.1.0/maven-model-builder-3.1.0.jar:/home/enextus/.m2/repository/org/apache/maven/maven-aether-provider/3.1.0/maven-aether-provider-3.1.0.jar:/home/enextus/.m2/repository/org/eclipse/aether/aether-spi/0.9.0.M2/aether-spi-0.9.0.M2.jar:/home/enextus/.m2/repository/org/eclipse/aether/aether-impl/0.9.0.M2/aether-impl-0.9.0.M2.jar:/home/enextus/.m2/repository/org/eclipse/aether/aether-api/0.9.0.M2/aether-api-0.9.0.M2.jar:/home/enextus/.m2/repository/org/eclipse/aether/aether-util/0.9.0.M2/aether-util-0.9.0.M2.jar:/home/enextus/.m2/repository/org/eclipse/sisu/org.eclipse.sisu.plexus/0.0.0.M2a/org.eclipse.sisu.plexus-0.0.0.M2a.jar:/home/enextus/.m2/repository/javax/enterprise/cdi-api/1.0/cdi-api-1.0.jar:/home/enextus/.m2/repository/javax/annotation/jsr250-api/1.0/jsr250-api-1.0.jar:/home/enextus/.m2/repository/javax/inject/javax.inject/1/javax.inject-1.jar:/home/enextus/.m2/repository/org/sonatype/sisu/sisu-guice/3.1.0/sisu-guice-3.1.0-no_aop.jar:/home/enextus/.m2/repository/aopalliance/aopalliance/1.0/aopalliance-1.0.jar:/home/enextus/.m2/repository/org/eclipse/sisu/org.eclipse.sisu.inject/0.0.0.M2a/org.eclipse.sisu.inject-0.0.0.M2a.jar:/home/enextus/.m2/repository/asm/asm/3.3.1/asm-3.3.1.jar:/home/enextus/.m2/repository/org/codehaus/plexus/plexus-interpolation/1.16/plexus-interpolation-1.16.jar:/home/enextus/.m2/repository/org/codehaus/plexus/plexus-classworlds/2.4.2/plexus-classworlds-2.4.2.jar:/home/enextus/.m2/repository/org/sonatype/plexus/plexus-sec-dispatcher/1.3/plexus-sec-dispatcher-1.3.jar:/home/enextus/.m2/repository/org/sonatype/plexus/plexus-cipher/1.4/plexus-cipher-1.4.jar:/home/enextus/.m2/repository/org/apache/maven/maven-plugin-api/3.1.0/maven-plugin-api-3.1.0.jar:/home/enextus/.m2/repository/org/apache/maven/surefire/surefire-shared-utils/3.0.0-M6/surefire-shared-utils-3.0.0-M6.jar:/home/enextus/.m2/repository/org/junit/jupiter/junit-jupiter/5.8.2/junit-jupiter-5.8.2.jar:/home/enextus/.m2/repository/org/junit/jupiter/junit-jupiter-params/5.8.2/junit-jupiter-params-5.8.2.jar:/home/enextus/.m2/repository/org/junit/jupiter/junit-jupiter-engine/5.8.2/junit-jupiter-engine-5.8.2.jar:/home/enextus/.m2/repository/org/junit/platform/junit-platform-engine/1.8.2/junit-platform-engine-1.8.2.jar:/home/enextus/.m2/repository/org/apiguardian/apiguardian-api/1.1.2/apiguardian-api-1.1.2.jar:/home/enextus/.m2/repository/org/junit/jupiter/junit-jupiter-api/5.8.2/junit-jupiter-api-5.8.2.jar:/home/enextus/.m2/repository/org/opentest4j/opentest4j/1.2.0/opentest4j-1.2.0.jar:/home/enextus/.m2/repository/org/junit/platform/junit-platform-commons/1.8.2/junit-platform-commons-1.8.2.jar:/home/enextus/.m2/repository/com/puppycrawl/tools/checkstyle/10.3/checkstyle-10.3.jar:/home/enextus/.m2/repository/info/picocli/picocli/4.6.3/picocli-4.6.3.jar:/home/enextus/.m2/repository/org/antlr/antlr4-runtime/4.10.1/antlr4-runtime-4.10.1.jar:/home/enextus/.m2/repository/commons-beanutils/commons-beanutils/1.9.4/commons-beanutils-1.9.4.jar:/home/enextus/.m2/repository/commons-logging/commons-logging/1.2/commons-logging-1.2.jar:/home/enextus/.m2/repository/commons-collections/commons-collections/3.2.2/commons-collections-3.2.2.jar:/home/enextus/.m2/repository/com/google/guava/guava/31.1-jre/guava-31.1-jre.jar:/home/enextus/.m2/repository/com/google/guava/failureaccess/1.0.1/failureaccess-1.0.1.jar:/home/enextus/.m2/repository/com/google/guava/listenablefuture/9999.0-empty-to-avoid-conflict-with-guava/listenablefuture-9999.0-empty-to-avoid-conflict-with-guava.jar:/home/enextus/.m2/repository/com/google/code/findbugs/jsr305/3.0.2/jsr305-3.0.2.jar:/home/enextus/.m2/repository/org/checkerframework/checker-qual/3.12.0/checker-qual-3.12.0.jar:/home/enextus/.m2/repository/com/google/errorprone/error_prone_annotations/2.11.0/error_prone_annotations-2.11.0.jar:/home/enextus/.m2/repository/com/google/j2objc/j2objc-annotations/1.3/j2objc-annotations-1.3.jar:/home/enextus/.m2/repository/org/reflections/reflections/0.10.2/reflections-0.10.2.jar:/home/enextus/.m2/repository/org/javassist/javassist/3.28.0-GA/javassist-3.28.0-GA.jar:/home/enextus/.m2/repository/org/slf4j/slf4j-api/1.7.32/slf4j-api-1.7.32.jar:/home/enextus/.m2/repository/net/sf/saxon/Saxon-HE/11.3/Saxon-HE-11.3.jar:/home/enextus/.m2/repository/org/xmlresolver/xmlresolver/4.2.0/xmlresolver-4.2.0.jar:/home/enextus/.m2/repository/org/apache/httpcomponents/httpclient/4.5.13/httpclient-4.5.13.jar:/home/enextus/.m2/repository/commons-codec/commons-codec/1.11/commons-codec-1.11.jar:/home/enextus/.m2/repository/org/apache/httpcomponents/httpcore/4.4.13/httpcore-4.4.13.jar:/home/enextus/.m2/repository/org/xmlresolver/xmlresolver/4.2.0/xmlresolver-4.2.0-data.jar:/home/enextus/.m2/repository/org/apache/maven/plugins/maven-compiler-plugin/3.10.1/maven-compiler-plugin-3.10.1.jar:/home/enextus/.m2/repository/org/apache/maven/shared/maven-shared-utils/3.3.4/maven-shared-utils-3.3.4.jar:/home/enextus/.m2/repository/commons-io/commons-io/2.6/commons-io-2.6.jar:/home/enextus/.m2/repository/org/apache/maven/shared/maven-shared-incremental/1.1/maven-shared-incremental-1.1.jar:/home/enextus/.m2/repository/org/codehaus/plexus/plexus-component-annotations/1.5.5/plexus-component-annotations-1.5.5.jar:/home/enextus/.m2/repository/org/codehaus/plexus/plexus-java/1.1.1/plexus-java-1.1.1.jar:/home/enextus/.m2/repository/org/ow2/asm/asm/9.2/asm-9.2.jar:/home/enextus/.m2/repository/com/thoughtworks/qdox/qdox/2.0.1/qdox-2.0.1.jar:/home/enextus/.m2/repository/org/codehaus/plexus/plexus-compiler-api/2.11.1/plexus-compiler-api-2.11.1.jar:/home/enextus/.m2/repository/org/codehaus/plexus/plexus-utils/3.4.1/plexus-utils-3.4.1.jar:/home/enextus/.m2/repository/org/codehaus/plexus/plexus-compiler-manager/2.11.1/plexus-compiler-manager-2.11.1.jar:/home/enextus/.m2/repository/org/codehaus/plexus/plexus-compiler-javac/2.11.1/plexus-compiler-javac-2.11.1.jar:"/>
    <property name="sun.cpu.endian" value="little"/>
    <property name="user.home" value="/home/enextus"/>
    <property name="user.language" value="en"/>
    <property name="java.specification.vendor" value="Oracle Corporation"/>
    <property name="java.version.date" value="2022-04-19"/>
    <property name="java.home" value="/usr/lib/jvm/bellsoft-java17-amd64"/>
    <property name="file.separator" value="/"/>
    <property name="basedir" value="/home/enextus/dev/unchecked-cast-maven/unchecked-cast-maven"/>
    <property name="java.vm.compressedOopsMode" value="Zero based"/>
    <property name="line.separator" value="&#10;"/>
    <property name="java.vm.specification.vendor" value="Oracle Corporation"/>
    <property name="java.specification.name" value="Java Platform API Specification"/>
    <property name="surefire.real.class.path" value="/home/enextus/dev/unchecked-cast-maven/unchecked-cast-maven/target/surefire/surefirebooter5016237737431311011.jar"/>
    <property name="sun.management.compiler" value="HotSpot 64-Bit Tiered Compilers"/>
    <property name="java.runtime.version" value="17.0.3+7-LTS"/>
    <property name="user.name" value="enextus"/>
    <property name="path.separator" value=":"/>
    <property name="os.version" value="5.15.0-40-generic"/>
    <property name="java.runtime.name" value="OpenJDK Runtime Environment"/>
    <property name="file.encoding" value="UTF-8"/>
    <property name="java.vm.name" value="OpenJDK 64-Bit Server VM"/>
    <property name="localRepository" value="/home/enextus/.m2/repository"/>
    <property name="java.vendor.url.bug" value="https://bell-sw.com/support"/>
    <property name="java.io.tmpdir" value="/tmp"/>
    <property name="idea.version" value="2022.1.2"/>
    <property name="java.version" value="17.0.3"/>
    <property name="user.dir" value="/home/enextus/dev/unchecked-cast-maven/unchecked-cast-maven"/>
    <property name="os.arch" value="amd64"/>
    <property name="java.vm.specification.name" value="Java Virtual Machine Specification"/>
    <property name="native.encoding" value="UTF-8"/>
    <property name="java.library.path" value="/usr/java/packages/lib:/usr/lib64:/lib64:/lib:/usr/lib"/>
    <property name="java.vm.info" value="mixed mode, sharing"/>
    <property name="java.vendor" value="BellSoft"/>
    <property name="java.vm.version" value="17.0.3+7-LTS"/>
    <property name="sun.io.unicode.encoding" value="UnicodeLittle"/>
    <property name="java.class.version" value="61.0"/>
  </properties>
  <testcase name="testGetRawMapBig" classname="org.example.CastToTypedMapTests" time="0.029"/>
  <testcase name="testGetRawMap" classname="org.example.CastToTypedMapTests" time="0.001"/>
  <testcase name="givenRawMap_whenCastToTypedMap_shouldHaveCompilerWarning" classname="org.example.CastToTypedMapTests" time="0.009">
    <system-out><![CDATA[{date 3=1976-11-18, date 2=1992-08-08, date 1=2021-02-10}
true
class java.util.HashMap
-------------

{date 3=1976-11-18, date 2=1992-08-08, date 1=2021-02-10}
class java.util.HashMap
true
-------------

date 3:1976-11-18
date 2:1992-08-08
date 1:2021-02-10
]]></system-out>
  </testcase>
</testsuite>